<?xml version="1.0"?><ts><start>s0</start><states><state id="s3"><transition target="s4" action="junit.framework.TestSuite.addTestSuite(java.lang.Class)" proba="1.0"></transition></state><state id="s4"><transition target="s4" action="junit.framework.TestSuite.addTestSuite(java.lang.Class)" proba="0.7777777777777778"></transition><transition target="sX" action="epsilon" proba="0.1111111111111111"></transition><transition target="s2" action="junit.framework.TestSuite.addTest(junit.framework.Test)" proba="0.1111111111111111"></transition></state><state id="sX"><transition target="s0" action="epsilon" proba="1.0"></transition></state><state id="s0"><transition target="s3" action="junit.framework.TestSuite.&lt;init&gt;(java.lang.String)" proba="0.5"></transition><transition target="s1" action="junit.framework.TestSuite.&lt;init&gt;()" proba="0.5"></transition></state><state id="s1"><transition target="s2" action="junit.framework.TestSuite.addTest(junit.framework.Test)" proba="1.0"></transition></state><state id="s2"><transition target="s4" action="junit.framework.TestSuite.addTestSuite(java.lang.Class)" proba="0.5"></transition><transition target="sX" action="epsilon" proba="0.5"></transition></state></states></ts>