<?xml version="1.0"?><ts><start>s0</start><states><state id="s3"><transition target="s3" action="junit.framework.TestSuite.addTest(junit.framework.Test)" proba="0.3333333333333333"></transition><transition target="sX" action="epsilon" proba="0.6666666666666666"></transition></state><state id="sX"><transition target="s0" action="epsilon" proba="1.0"></transition></state><state id="s0"><transition target="s1" action="junit.framework.TestSuite.&lt;init&gt;(java.lang.String)" proba="1.0"></transition></state><state id="s1"><transition target="s2" action="junit.framework.TestSuite.addTestSuite(java.lang.Class)" proba="1.0"></transition></state><state id="s2"><transition target="s3" action="junit.framework.TestSuite.addTest(junit.framework.Test)" proba="0.11764705882352941"></transition><transition target="sX" action="epsilon" proba="0.11764705882352941"></transition><transition target="s2" action="junit.framework.TestSuite.addTestSuite(java.lang.Class)" proba="0.7647058823529411"></transition></state></states></ts>