<?xml version="1.0" encoding="UTF-8"?>
<testsuite xmlns:xsi="http://www.w3.org/2001/XMLSchema-instance" xsi:noNamespaceSchemaLocation="https://maven.apache.org/surefire/maven-surefire-plugin/xsd/surefire-test-report.xsd" name="org.sat4j.minisat.M2BackjumpingTest" time="6.498" tests="98" errors="0" skipped="0" failures="0">
  <properties>
    <property name="gopherProxySet" value="false"/>
    <property name="awt.toolkit" value="sun.lwawt.macosx.LWCToolkit"/>
    <property name="file.encoding.pkg" value="sun.io"/>
    <property name="java.specification.version" value="1.8"/>
    <property name="sun.cpu.isalist" value=""/>
    <property name="sun.jnu.encoding" value="UTF-8"/>
    <property name="java.class.path" value="/Users/pooria/Desktop/sat4j/sat4j/org.sat4j.core/target/test-classes:/Users/pooria/Desktop/sat4j/sat4j/org.sat4j.core/target/classes:/Users/pooria/.m2/repository/junit/junit/4.12/junit-4.12.jar:/Users/pooria/.m2/repository/org/hamcrest/hamcrest-core/1.3/hamcrest-core-1.3.jar:/Users/pooria/.m2/repository/org/mockito/mockito-all/1.9.5/mockito-all-1.9.5.jar:"/>
    <property name="java.vm.vendor" value="Azul Systems, Inc."/>
    <property name="sun.arch.data.model" value="64"/>
    <property name="java.vendor.url" value="http://www.azulsystems.com/"/>
    <property name="user.timezone" value=""/>
    <property name="java.vm.specification.version" value="1.8"/>
    <property name="os.name" value="Mac OS X"/>
    <property name="user.country" value="NL"/>
    <property name="sun.java.launcher" value="SUN_STANDARD"/>
    <property name="test.pbprefix" value="/Users/pooria/Desktop/sat4j/sat4j/org.sat4j.core/src/test/testfiles/"/>
    <property name="sun.boot.library.path" value="/Users/pooria/.sdkman/candidates/java/8.0.192-zulu/jre/lib"/>
    <property name="sun.java.command" value="/Users/pooria/Desktop/sat4j/sat4j/org.sat4j.core/target/surefire/surefirebooter927157941390293472.jar /Users/pooria/Desktop/sat4j/sat4j/org.sat4j.core/target/surefire 2019-02-11T13-00-18_065-jvmRun1 surefire5531682975456166895tmp surefire_14903551599738058628tmp"/>
    <property name="http.nonProxyHosts" value="local|*.local|169.254/16|*.169.254/16"/>
    <property name="surefire.test.class.path" value="/Users/pooria/Desktop/sat4j/sat4j/org.sat4j.core/target/test-classes:/Users/pooria/Desktop/sat4j/sat4j/org.sat4j.core/target/classes:/Users/pooria/.m2/repository/junit/junit/4.12/junit-4.12.jar:/Users/pooria/.m2/repository/org/hamcrest/hamcrest-core/1.3/hamcrest-core-1.3.jar:/Users/pooria/.m2/repository/org/mockito/mockito-all/1.9.5/mockito-all-1.9.5.jar:"/>
    <property name="sun.cpu.endian" value="little"/>
    <property name="user.home" value="/Users/pooria"/>
    <property name="user.language" value="en"/>
    <property name="java.specification.vendor" value="Oracle Corporation"/>
    <property name="java.home" value="/Users/pooria/.sdkman/candidates/java/8.0.192-zulu/jre"/>
    <property name="basedir" value="/Users/pooria/Desktop/sat4j/sat4j/org.sat4j.core"/>
    <property name="file.separator" value="/"/>
    <property name="line.separator" value="&#10;"/>
    <property name="java.vm.specification.vendor" value="Oracle Corporation"/>
    <property name="java.specification.name" value="Java Platform API Specification"/>
    <property name="java.awt.graphicsenv" value="sun.awt.CGraphicsEnvironment"/>
    <property name="test.prefix" value="/Users/pooria/Desktop/sat4j/sat4j/org.sat4j.core/src/test/testfiles/"/>
    <property name="surefire.real.class.path" value="/Users/pooria/Desktop/sat4j/sat4j/org.sat4j.core/target/surefire/surefirebooter927157941390293472.jar:/Users/pooria/.m2/repository/org/jacoco/org.jacoco.agent/0.8.2/org.jacoco.agent-0.8.2-runtime.jar"/>
    <property name="sun.boot.class.path" value="/Users/pooria/.sdkman/candidates/java/8.0.192-zulu/jre/lib/resources.jar:/Users/pooria/.sdkman/candidates/java/8.0.192-zulu/jre/lib/rt.jar:/Users/pooria/.sdkman/candidates/java/8.0.192-zulu/jre/lib/sunrsasign.jar:/Users/pooria/.sdkman/candidates/java/8.0.192-zulu/jre/lib/jsse.jar:/Users/pooria/.sdkman/candidates/java/8.0.192-zulu/jre/lib/jce.jar:/Users/pooria/.sdkman/candidates/java/8.0.192-zulu/jre/lib/charsets.jar:/Users/pooria/.sdkman/candidates/java/8.0.192-zulu/jre/lib/jfr.jar:/Users/pooria/.sdkman/candidates/java/8.0.192-zulu/jre/classes"/>
    <property name="sun.management.compiler" value="HotSpot 64-Bit Tiered Compilers"/>
    <property name="ftp.nonProxyHosts" value="local|*.local|169.254/16|*.169.254/16"/>
    <property name="java.runtime.version" value="1.8.0_192-b01"/>
    <property name="user.name" value="pooria"/>
    <property name="path.separator" value=":"/>
    <property name="os.version" value="10.14.2"/>
    <property name="java.endorsed.dirs" value="/Users/pooria/.sdkman/candidates/java/8.0.192-zulu/jre/lib/endorsed"/>
    <property name="java.runtime.name" value="OpenJDK Runtime Environment"/>
    <property name="file.encoding" value="UTF-8"/>
    <property name="java.vm.name" value="OpenJDK 64-Bit Server VM"/>
    <property name="localRepository" value="/Users/pooria/.m2/repository"/>
    <property name="java.vendor.url.bug" value="http://www.azulsystems.com/support/"/>
    <property name="java.io.tmpdir" value="/var/folders/t4/0qd1kfm97tz9g17z439t2gmm0000gn/T/"/>
    <property name="java.version" value="1.8.0_192"/>
    <property name="user.dir" value="/Users/pooria/Desktop/sat4j/sat4j/org.sat4j.core"/>
    <property name="os.arch" value="x86_64"/>
    <property name="java.vm.specification.name" value="Java Virtual Machine Specification"/>
    <property name="java.awt.printerjob" value="sun.lwawt.macosx.CPrinterJob"/>
    <property name="sun.os.patch.level" value="unknown"/>
    <property name="java.library.path" value="/Users/pooria/Library/Java/Extensions:/Library/Java/Extensions:/Network/Library/Java/Extensions:/System/Library/Java/Extensions:/usr/lib/java:."/>
    <property name="java.vm.info" value="mixed mode"/>
    <property name="java.vendor" value="Azul Systems, Inc."/>
    <property name="java.vm.version" value="25.192-b01"/>
    <property name="java.ext.dirs" value="/Users/pooria/Library/Java/Extensions:/Users/pooria/.sdkman/candidates/java/8.0.192-zulu/jre/lib/ext:/Library/Java/Extensions:/Network/Library/Java/Extensions:/System/Library/Java/Extensions:/usr/lib/java"/>
    <property name="sun.io.unicode.encoding" value="UnicodeBig"/>
    <property name="java.class.version" value="52.0"/>
    <property name="socksNonProxyHosts" value="local|*.local|169.254/16|*.169.254/16"/>
  </properties>
  <testcase name="testAim50UNSAT1" classname="org.sat4j.minisat.M2BackjumpingTest" time="0.022"/>
  <testcase name="testAim50UNSAT2" classname="org.sat4j.minisat.M2BackjumpingTest" time="0.003"/>
  <testcase name="testAim50UNSAT3" classname="org.sat4j.minisat.M2BackjumpingTest" time="0.004"/>
  <testcase name="testAim50UNSAT4" classname="org.sat4j.minisat.M2BackjumpingTest" time="0.007"/>
  <testcase name="testAim50UNSAT5" classname="org.sat4j.minisat.M2BackjumpingTest" time="0.001"/>
  <testcase name="testAim50UNSAT6" classname="org.sat4j.minisat.M2BackjumpingTest" time="0.002"/>
  <testcase name="testAim50UNSAT7" classname="org.sat4j.minisat.M2BackjumpingTest" time="0.003"/>
  <testcase name="testAim50UNSAT8" classname="org.sat4j.minisat.M2BackjumpingTest" time="0.003"/>
  <testcase name="testIi1" classname="org.sat4j.minisat.M2BackjumpingTest" time="0.002"/>
  <testcase name="testIi2" classname="org.sat4j.minisat.M2BackjumpingTest" time="0.005"/>
  <testcase name="testIi3" classname="org.sat4j.minisat.M2BackjumpingTest" time="0.01"/>
  <testcase name="testIi4" classname="org.sat4j.minisat.M2BackjumpingTest" time="0.056"/>
  <testcase name="testIi5" classname="org.sat4j.minisat.M2BackjumpingTest" time="0.039"/>
  <testcase name="testIi6" classname="org.sat4j.minisat.M2BackjumpingTest" time="0.045"/>
  <testcase name="testIi7" classname="org.sat4j.minisat.M2BackjumpingTest" time="0.026"/>
  <testcase name="testIi8" classname="org.sat4j.minisat.M2BackjumpingTest" time="0.018"/>
  <testcase name="testIi9" classname="org.sat4j.minisat.M2BackjumpingTest" time="0.008"/>
  <testcase name="testHole6" classname="org.sat4j.minisat.M2BackjumpingTest" time="0.496"/>
  <testcase name="testHole7" classname="org.sat4j.minisat.M2BackjumpingTest" time="4.242"/>
  <testcase name="testJNH10" classname="org.sat4j.minisat.M2BackjumpingTest" time="0.022"/>
  <testcase name="testJNH11" classname="org.sat4j.minisat.M2BackjumpingTest" time="0.007"/>
  <testcase name="testJNH12" classname="org.sat4j.minisat.M2BackjumpingTest" time="0.003"/>
  <testcase name="testJNH13" classname="org.sat4j.minisat.M2BackjumpingTest" time="0.007"/>
  <testcase name="testJNH14" classname="org.sat4j.minisat.M2BackjumpingTest" time="0.004"/>
  <testcase name="testJNH15" classname="org.sat4j.minisat.M2BackjumpingTest" time="0.005"/>
  <testcase name="testJNH16" classname="org.sat4j.minisat.M2BackjumpingTest" time="0.181"/>
  <testcase name="testJNH17" classname="org.sat4j.minisat.M2BackjumpingTest" time="0.018"/>
  <testcase name="testJNH18" classname="org.sat4j.minisat.M2BackjumpingTest" time="0.007"/>
  <testcase name="testJNH19" classname="org.sat4j.minisat.M2BackjumpingTest" time="0.022"/>
  <testcase name="testJNH20" classname="org.sat4j.minisat.M2BackjumpingTest" time="0.005"/>
  <testcase name="testJNH21" classname="org.sat4j.minisat.M2BackjumpingTest" time="0.015"/>
  <testcase name="testJNH22" classname="org.sat4j.minisat.M2BackjumpingTest" time="0.003"/>
  <testcase name="testJNH23" classname="org.sat4j.minisat.M2BackjumpingTest" time="0.005"/>
  <testcase name="testJNH24" classname="org.sat4j.minisat.M2BackjumpingTest" time="0.005"/>
  <testcase name="testJNH25" classname="org.sat4j.minisat.M2BackjumpingTest" time="0.016"/>
  <testcase name="testJNH26" classname="org.sat4j.minisat.M2BackjumpingTest" time="0.021"/>
  <testcase name="testJNH27" classname="org.sat4j.minisat.M2BackjumpingTest" time="0.014"/>
  <testcase name="testJNH28" classname="org.sat4j.minisat.M2BackjumpingTest" time="0.017"/>
  <testcase name="testJNH29" classname="org.sat4j.minisat.M2BackjumpingTest" time="0.003"/>
  <testcase name="testJNH30" classname="org.sat4j.minisat.M2BackjumpingTest" time="0.009"/>
  <testcase name="testJNH31" classname="org.sat4j.minisat.M2BackjumpingTest" time="0.005"/>
  <testcase name="testJNH32" classname="org.sat4j.minisat.M2BackjumpingTest" time="0.007"/>
  <testcase name="testJNH33" classname="org.sat4j.minisat.M2BackjumpingTest" time="0.003"/>
  <testcase name="testJNH34" classname="org.sat4j.minisat.M2BackjumpingTest" time="0.003"/>
  <testcase name="testJNH35" classname="org.sat4j.minisat.M2BackjumpingTest" time="0.003"/>
  <testcase name="testJNH36" classname="org.sat4j.minisat.M2BackjumpingTest" time="0.004"/>
  <testcase name="testJNH37" classname="org.sat4j.minisat.M2BackjumpingTest" time="0.005"/>
  <testcase name="testJNH38" classname="org.sat4j.minisat.M2BackjumpingTest" time="0.002"/>
  <testcase name="testJNH39" classname="org.sat4j.minisat.M2BackjumpingTest" time="0.006"/>
  <testcase name="testJNH40" classname="org.sat4j.minisat.M2BackjumpingTest" time="0.008"/>
  <testcase name="testJNH41" classname="org.sat4j.minisat.M2BackjumpingTest" time="0.004"/>
  <testcase name="testJNH42" classname="org.sat4j.minisat.M2BackjumpingTest" time="0.002"/>
  <testcase name="testJNH43" classname="org.sat4j.minisat.M2BackjumpingTest" time="0.003"/>
  <testcase name="testJNH44" classname="org.sat4j.minisat.M2BackjumpingTest" time="0.005"/>
  <testcase name="testJNH45" classname="org.sat4j.minisat.M2BackjumpingTest" time="0.06"/>
  <testcase name="testJNH46" classname="org.sat4j.minisat.M2BackjumpingTest" time="0.031"/>
  <testcase name="testJNH47" classname="org.sat4j.minisat.M2BackjumpingTest" time="0.002"/>
  <testcase name="testJNH48" classname="org.sat4j.minisat.M2BackjumpingTest" time="0.045"/>
  <testcase name="testJNH49" classname="org.sat4j.minisat.M2BackjumpingTest" time="0.002"/>
  <testcase name="testJNH50" classname="org.sat4j.minisat.M2BackjumpingTest" time="0.002"/>
  <testcase name="testAim50SAT10" classname="org.sat4j.minisat.M2BackjumpingTest" time="0.001"/>
  <testcase name="testAim50SAT11" classname="org.sat4j.minisat.M2BackjumpingTest" time="0.001"/>
  <testcase name="testAim50SAT12" classname="org.sat4j.minisat.M2BackjumpingTest" time="0.002"/>
  <testcase name="testAim50SAT13" classname="org.sat4j.minisat.M2BackjumpingTest" time="0.001"/>
  <testcase name="testAim50SAT14" classname="org.sat4j.minisat.M2BackjumpingTest" time="0.001"/>
  <testcase name="testAim50SAT15" classname="org.sat4j.minisat.M2BackjumpingTest" time="0.002"/>
  <testcase name="testAim50SAT16" classname="org.sat4j.minisat.M2BackjumpingTest" time="0.004"/>
  <testcase name="testIi10" classname="org.sat4j.minisat.M2BackjumpingTest" time="0.013"/>
  <testcase name="testIi11" classname="org.sat4j.minisat.M2BackjumpingTest" time="0.004"/>
  <testcase name="testIi12" classname="org.sat4j.minisat.M2BackjumpingTest" time="0.007"/>
  <testcase name="testIi13" classname="org.sat4j.minisat.M2BackjumpingTest" time="0.006"/>
  <testcase name="testIi14" classname="org.sat4j.minisat.M2BackjumpingTest" time="0.006"/>
  <testcase name="testIi15" classname="org.sat4j.minisat.M2BackjumpingTest" time="0.135"/>
  <testcase name="testIi16" classname="org.sat4j.minisat.M2BackjumpingTest" time="0.195"/>
  <testcase name="testIi17" classname="org.sat4j.minisat.M2BackjumpingTest" time="0.069"/>
  <testcase name="testIi18" classname="org.sat4j.minisat.M2BackjumpingTest" time="0.074"/>
  <testcase name="testIi20" classname="org.sat4j.minisat.M2BackjumpingTest" time="0.102"/>
  <testcase name="testIi21" classname="org.sat4j.minisat.M2BackjumpingTest" time="0.07"/>
  <testcase name="testIi22" classname="org.sat4j.minisat.M2BackjumpingTest" time="0.047"/>
  <testcase name="testIi23" classname="org.sat4j.minisat.M2BackjumpingTest" time="0.036"/>
  <testcase name="testJNH1" classname="org.sat4j.minisat.M2BackjumpingTest" time="0.003"/>
  <testcase name="testJNH2" classname="org.sat4j.minisat.M2BackjumpingTest" time="0.002"/>
  <testcase name="testJNH3" classname="org.sat4j.minisat.M2BackjumpingTest" time="0.011"/>
  <testcase name="testJNH4" classname="org.sat4j.minisat.M2BackjumpingTest" time="0.005"/>
  <testcase name="testJNH5" classname="org.sat4j.minisat.M2BackjumpingTest" time="0.003"/>
  <testcase name="testJNH6" classname="org.sat4j.minisat.M2BackjumpingTest" time="0.007"/>
  <testcase name="testJNH7" classname="org.sat4j.minisat.M2BackjumpingTest" time="0.002"/>
  <testcase name="testJNH8" classname="org.sat4j.minisat.M2BackjumpingTest" time="0.002"/>
  <testcase name="testJNH9" classname="org.sat4j.minisat.M2BackjumpingTest" time="0.003"/>
  <testcase name="testAim50SAT1" classname="org.sat4j.minisat.M2BackjumpingTest" time="0"/>
  <testcase name="testAim50SAT2" classname="org.sat4j.minisat.M2BackjumpingTest" time="0.001"/>
  <testcase name="testAim50SAT3" classname="org.sat4j.minisat.M2BackjumpingTest" time="0.002"/>
  <testcase name="testAim50SAT4" classname="org.sat4j.minisat.M2BackjumpingTest" time="0.001"/>
  <testcase name="testAim50SAT5" classname="org.sat4j.minisat.M2BackjumpingTest" time="0.002"/>
  <testcase name="testAim50SAT6" classname="org.sat4j.minisat.M2BackjumpingTest" time="0.001"/>
  <testcase name="testAim50SAT7" classname="org.sat4j.minisat.M2BackjumpingTest" time="0.001"/>
  <testcase name="testAim50SAT8" classname="org.sat4j.minisat.M2BackjumpingTest" time="0.001"/>
  <testcase name="testAim50SAT9" classname="org.sat4j.minisat.M2BackjumpingTest" time="0.001"/>
</testsuite>